<?xml version="1.0" encoding="UTF-8"?>
<!-- Generated by org.testng.reporters.JUnitReportReporter -->
<testsuite hostname="LAPTOP-JJ6NIKT4" failures="0" tests="1" name="testcase.TC_REG_001" time="6.885" errors="0" timestamp="2024-12-21T11:41:22 IST" skipped="0">
  <testcase classname="testcase.TC_REG_001" name="registration_succesful" time="6.885"/>
</testsuite> <!-- testcase.TC_REG_001 -->
